<?xml version="1.0" encoding="UTF-8"?>
<!-- Generated by org.testng.reporters.JUnitReportReporter -->
<testsuite skipped="0" hostname="DESKTOP-Q2PO9K0" name="githubtest.gitHubTest1" tests="1" failures="0" timestamp="19 Feb 2020 00:26:00 GMT" time="12.638" errors="0">
  <testcase name="launchBrowser" time="12.638" classname="githubtest.gitHubTest1"/>
</testsuite> <!-- githubtest.gitHubTest1 -->
