<?xml version="1.0" encoding="UTF-8"?>
<!-- Generated by org.testng.reporters.JUnitReportReporter -->
<testsuite skipped="0" hostname="DESKTOP-Q2PO9K0" name="test.PostAQuickDraftTest" tests="1" failures="0" timestamp="2020-02-29T02:15:25 CST" time="25.755" errors="0">
  <testcase name="addQuickDraft" time="25.755" classname="test.PostAQuickDraftTest"/>
</testsuite> <!-- test.PostAQuickDraftTest -->
